<?xml version="1.0" encoding="UTF-8"?>
<!-- Generated by org.testng.reporters.JUnitXMLReporter -->
<testsuite hostname="LAPTOP-K43POKAL" ignored="0" name="Command line test" tests="2" failures="2" timestamp="27 Jun 2021 16:32:23 GMT" time="8.096" errors="0">
  <testcase name="validUserShouldBeAbleToCreateCustomer" time="8.019" classname="test.AddCustomerTest">
    <failure type="java.lang.IllegalArgumentException" message="Keys to send should be a not null CharSequence">
      <![CDATA[java.lang.IllegalArgumentException: Keys to send should be a not null CharSequence
at org.openqa.selenium.remote.RemoteWebElement.sendKeys(RemoteWebElement.java:97)
at org.openqa.selenium.support.pagefactory.internal.LocatingElementHandler.invoke(LocatingElementHandler.java:51)
at com.sun.proxy.$Proxy6.sendKeys(Unknown Source)
at page.LoginPage.enterUserName(LoginPage.java:26)
at test.AddCustomerTest.validUserShouldBeAbleToCreateCustomer(AddCustomerTest.java:35)
... Removed 39 stack frames]]>
    </failure>
  </testcase> <!-- validUserShouldBeAbleToCreateCustomer -->
  <testcase name="validUserShouldBeAbleToLogin" time="0.0" classname="test.LoginTest">
    <failure type="org.testng.TestNGException" message="
Parameter &amp;apos;username&amp;apos; is required by @Test on method validUserShouldBeAbleToLogin but has not been marked @Optional or defined
">
      <![CDATA[org.testng.TestNGException: 
Parameter 'username' is required by @Test on method validUserShouldBeAbleToLogin but has not been marked @Optional or defined

... Removed 34 stack frames]]>
    </failure>
  </testcase> <!-- validUserShouldBeAbleToLogin -->
</testsuite> <!-- Command line test -->
